<?xml version="1.0"?>
<beans xmlns="http://www.springframework.org/schema/beans"
	xmlns:xsi="http://www.w3.org/2001/XMLSchema-instance" xmlns:tx="http://www.springframework.org/schema/tx"
	xmlns:util="http://www.springframework.org/schema/util" xmlns:aop="http://www.springframework.org/schema/aop"
	xsi:schemaLocation="
        http://www.springframework.org/schema/beans http://www.springframework.org/schema/beans/spring-beans.xsd
        http://www.springframework.org/schema/tx http://www.springframework.org/schema/tx/spring-tx.xsd
        http://www.springframework.org/schema/aop http://www.springframework.org/schema/aop/spring-aop-3.0.xsd
        http://www.springframework.org/schema/util http://www.springframework.org/schema/util/spring-util-3.0.xsd
	 ">

	<aop:aspectj-autoproxy proxy-target-class="true" />
	<!-- <aop:aspectj-autoproxy /> -->
	<!-- <aop:config></aop:config> -->
	<!-- <tx:annotation-driven proxy-target-class="true" /> -->
	
	

	<bean id="codeServiceImpl" class="net.croz.contacts.service.code.CodeServiceImpl">
		<!-- <property name="hcd" ref="hibernateCodeDao" /> -->
		<property name="key">
			<list>
				<value>net.croz.contacts.model.Sex</value>
				<value>net.croz.contacts.model.City</value>
				<value>net.croz.contacts.model.Country</value>
			</list>
		</property>
	</bean>

	<bean id="contactBookServiceImpl"
		class="net.croz.contacts.service.contactbook.ContactBookServiceImpl">
		<!-- <property name="hcbd" ref="hibernateContactBookDao" /> -->
	</bean>

	<bean id="exceptionAdvice" class="net.croz.contacts.aspect.ExceptionAdvice">
		<property name="errorTypes" ref="mapa" />
	</bean>

	<util:map id="mapa"
		key-type="net.croz.contacts.service.exceptions.ServiceException.ErrorType"
		value-type="java.util.List">
		<entry key="DB_ERROR" value-ref="lista1" />
		<entry key="BUSINESS_ERROR" value-ref="lista2" />
		<entry key="UNRESOLVED_SERVER_ERROR" value-ref="lista3" />
	</util:map>


	<util:list id="lista1">
		<value>org.springframework.dao.DataAccessException</value>
	</util:list>

	<util:list id="lista2" >
		<value>java.lang.IllegalArgumentException</value>
		<value>java.lang.IllegalStateException</value>
	</util:list>

	<util:list id="lista3">
		<!-- <value></value> -->
	</util:list>

	<bean id="messageSource" class="org.springframework.context.support.ResourceBundleMessageSource">
		<property name="basename">
			<value>messages/messages</value>
		</property>
	</bean>

	<bean id="serviceInvocationAdvice" class="net.croz.contacts.aspect.ServiceInvocationAdvice" />
	
	
	
	<!-- bean-ovi za podatke koji ce se uneti u bazu -->
	
	<!-- polovi -->
	<bean id="sexM" class="net.croz.contacts.model.Sex">
		<property name="name" value="Male" />
	</bean>
	<bean id="sexF" class="net.croz.contacts.model.Sex">
		<property name="name" value="Female" />
	</bean>

	<!-- drzave -->
	<bean id="serbia" class="net.croz.contacts.model.Country">
		<property name="name" value="Serbia" />
		<property name="alpha2" value="21" />
		<property name="alpha3" value="31" />
	</bean>
	<bean id="croatia" class="net.croz.contacts.model.Country">
		<property name="name" value="Croatia" />
		<property name="alpha2" value="22" />
		<property name="alpha3" value="32" />
	</bean>
	<bean id="bosnia" class="net.croz.contacts.model.Country">
		<property name="name" value="Bosnia" />
		<property name="alpha2" value="23" />
		<property name="alpha3" value="33" />
	</bean>

	<!-- gradovi -->
	<bean id="belgrade" class="net.croz.contacts.model.City">
		<property name="name" value="Belgrade" />
		<property name="country" ref="serbia" />
		<property name="zipCode" value="11000" />
	</bean>
	<bean id="smederevo" class="net.croz.contacts.model.City">
		<property name="name" value="Smederevo" />
		<property name="country" ref="serbia" />
		<property name="zipCode" value="12000" />
	</bean>
	<bean id="zagreb" class="net.croz.contacts.model.City">
		<property name="name" value="Zagreb" />
		<property name="country" ref="croatia" />
		<property name="zipCode" value="13000" />
	</bean>
	<bean id="split" class="net.croz.contacts.model.City">
		<property name="name" value="Split" />
		<property name="country" ref="croatia" />
		<property name="zipCode" value="14000" />
	</bean>

	<!-- adrese -->
	<bean id="zDjindjic" class="net.croz.contacts.model.Address">
		<property name="street" value="Bulevar Zorana Djindjica" />
		<property name="streetNo" value="105/6" />
		<property name="city" ref="belgrade" />
	</bean>
	<bean id="aCarnojevic" class="net.croz.contacts.model.Address">
		<property name="street" value="Bulevar Arsenija Carnojevica" />
		<property name="streetNo" value="10" />
		<property name="city" ref="belgrade" />
	</bean>
	<bean id="lastovska1" class="net.croz.contacts.model.Address">
		<property name="street" value="Lastovska" />
		<property name="streetNo" value="23" />
		<property name="city" ref="zagreb" />
	</bean>
	<bean id="lastovska2" class="net.croz.contacts.model.Address">
		<property name="street" value="Lastovska" />
		<property name="streetNo" value="24" />
		<property name="city" ref="zagreb" />
	</bean>
	<bean id="oBrigada" class="net.croz.contacts.model.Address">
		<property name="street" value="Omladinskih briga" />
		<property name="streetNo" value="103" />
		<property name="city" ref="split" />
	</bean>

	<!-- kontakti -->
	<bean id="dusan" class="net.croz.contacts.model.Contact">
		<property name="firstName" value="Dusan" />
		<property name="lastName" value="Mancic" />
		<property name="email" value="mail" />
		<property name="phone" value="num" />
		<property name="address" ref="zDjindjic" />
		<property name="sex" ref="sexM" />
	</bean>
	<bean id="nikola" class="net.croz.contacts.model.Contact">
		<property name="firstName" value="Nikola" />
		<property name="lastName" value="Sapun" />
		<property name="email" value="mail" />
		<property name="phone" value="num" />
		<property name="address" ref="lastovska1" />
		<property name="sex" ref="sexM" />
	</bean>
	<bean id="neca" class="net.croz.contacts.model.Contact">
		<property name="firstName" value="Nemanja" />
		<property name="lastName" value="Krneta" />
		<property name="email" value="mail" />
		<property name="phone" value="num" />
		<property name="address" ref="lastovska2" />
		<property name="sex" ref="sexM" />
	</bean>
	<bean id="djura" class="net.croz.contacts.model.Contact">
		<property name="firstName" value="Jasmina" />
		<property name="lastName" value="Nikolic" />
		<property name="email" value="mail" />
		<property name="phone" value="num" />
		<property name="address" ref="oBrigada" />
		<property name="sex" ref="sexF" />
	</bean>
	<bean id="amel" class="net.croz.contacts.model.Contact">
		<property name="firstName" value="Amel" />
		<property name="lastName" value="Jasari" />
		<property name="email" value="mail" />
		<property name="phone" value="num" />
		<property name="address" ref="aCarnojevic" />
		<property name="sex" ref="sexM" />
	</bean>
	<bean id="marijana" class="net.croz.contacts.model.Contact">
		<property name="firstName" value="Marijana" />
		<property name="lastName" value="Bozovic" />
		<property name="email" value="mail" />
		<property name="phone" value="num" />
		<property name="address" ref="oBrigada" />
		<property name="sex" ref="sexF" />
	</bean>
	
	<bean id="contactBook" class="net.croz.contacts.model.ContactBook">
		<property name="contacts">
			<set>
				<ref bean="amel" />
				<ref bean="djura" />
				<ref bean="marijana" />
				<ref bean="dusan" />
				<ref bean="nikola" />
				<ref bean="neca" />
			</set>
		</property>
	</bean>
	
</beans>